  background.cpp
  bgX.cpp
  bullet.cpp
  camera.cpp
  deadzoneX.cpp
  debrisX.cpp
  debugproc.cpp
  effect.cpp
  enemy.cpp
  explosion.cpp
  fade.cpp
  light.cpp
  main.cpp
  manager.cpp
C:\Users\student\source\repos\CplusDX\manager.cpp(300,13): warning C4244: '引数': 'time_t' から 'unsigned int' への変換です。データが失われる可能性があります。
  model.cpp
  number.cpp
  object.cpp
  object2D.cpp
  object3D.cpp
  objectBillboard.cpp
  コンパイル中...
  objectX.cpp
  pause.cpp
  player.cpp
  playerX.cpp
  renderer.cpp
C:\Users\student\source\repos\CplusDX\renderer.cpp(312,8): warning C4101: 'fAspect': ローカル変数は 1 度も使われていません。
  score.cpp
  scrapX.cpp
  timer.cpp
  コード生成しています。
  11 of 316 functions ( 3.5%) were compiled, the rest were copied from previous compilation.
    0 functions were new in current compilation
    2 functions had inline decision re-evaluated but remain unchanged
  コード生成が終了しました。
  CplusDX.vcxproj -> C:\Users\student\source\repos\CplusDX\CplusDX.exe
