  background.cpp
  bullet.cpp
  camera.cpp
  debugproc.cpp
  effect.cpp
  enemy.cpp
  explosion.cpp
  input.cpp
  light.cpp
  main.cpp
  manager.cpp
  number.cpp
  object.cpp
  object2D.cpp
  object3D.cpp
  objectBillboard.cpp
  objectX.cpp
  player.cpp
  renderer.cpp
  score.cpp
  コンパイル中...
  sound.cpp
  timer.cpp
  コード生成しています。
  6 of 225 functions ( 2.7%) were compiled, the rest were copied from previous compilation.
    0 functions were new in current compilation
    1 functions had inline decision re-evaluated but remain unchanged
  コード生成が終了しました。
  CplusDX.vcxproj -> C:\Users\student\source\repos\CplusDX\CplusDX.exe
