  background.cpp
  bullet.cpp
  debugproc.cpp
  effect.cpp
  enemy.cpp
  explosion.cpp
  input.cpp
  main.cpp
C:\Users\student\source\repos\CplusDX\main.cpp(19,91): warning C4100: 'lpCmdLine': 引数は関数の本体部で 1 度も参照されません。
C:\Users\student\source\repos\CplusDX\main.cpp(19,65): warning C4100: 'hinstancePrev': 引数は関数の本体部で 1 度も参照されません。
  manager.cpp
  number.cpp
  object.cpp
  object2D.cpp
C:\Users\student\source\repos\CplusDX\object2D.cpp(61,37): warning C4100: 'pos': 引数は関数の本体部で 1 度も参照されません。
C:\Users\student\source\repos\CplusDX\object2D.cpp(222,51): warning C4100: 'texposy': 引数は関数の本体部で 1 度も参照されません。
  player.cpp
  renderer.cpp
  score.cpp
C:\Users\student\source\repos\CplusDX\score.cpp(70,51): warning C4100: 'col': 引数は関数の本体部で 1 度も参照されません。
  sound.cpp
  コードを生成中...
  CplusDX.vcxproj -> C:\Users\student\source\repos\CplusDX\Debug\CplusDX.exe
