  background.cpp
  bgX.cpp
  bullet.cpp
  camera.cpp
  debugproc.cpp
  effect.cpp
  enemy.cpp
  explosion.cpp
  fade.cpp
  light.cpp
  main.cpp
  manager.cpp
  model.cpp
  number.cpp
  object.cpp
  object2D.cpp
  object3D.cpp
  objectBillboard.cpp
  objectX.cpp
  pause.cpp
  コンパイル中...
  player.cpp
  playerX.cpp
  renderer.cpp
  score.cpp
  timer.cpp
  コード生成しています。
  11 of 272 functions ( 4.0%) were compiled, the rest were copied from previous compilation.
    0 functions were new in current compilation
    65 functions had inline decision re-evaluated but remain unchanged
  コード生成が終了しました。
  CplusDX.vcxproj -> C:\Users\student\source\repos\CplusDX\CplusDX.exe
