c:\users\student\source\repos\cplusdx\debug\vc142.pdb
c:\users\student\source\repos\cplusdx\debug\vc142.idb
c:\users\student\source\repos\cplusdx\debug\renderer.obj
c:\users\student\source\repos\cplusdx\debug\player.obj
c:\users\student\source\repos\cplusdx\debug\object2d.obj
c:\users\student\source\repos\cplusdx\debug\object.obj
c:\users\student\source\repos\cplusdx\debug\manager.obj
c:\users\student\source\repos\cplusdx\debug\main.obj
c:\users\student\source\repos\cplusdx\debug\input.obj
c:\users\student\source\repos\cplusdx\debug\explosion.obj
c:\users\student\source\repos\cplusdx\debug\bullet.obj
c:\users\student\source\repos\cplusdx\debug\background.obj
c:\users\student\source\repos\cplusdx\debug\cplusdx.ilk
c:\users\student\source\repos\cplusdx\debug\cplusdx.exe
c:\users\student\source\repos\cplusdx\debug\cplusdx.pdb
c:\users\student\source\repos\cplusdx\debug\cplusdx.tlog\cl.command.1.tlog
c:\users\student\source\repos\cplusdx\debug\cplusdx.tlog\cl.read.1.tlog
c:\users\student\source\repos\cplusdx\debug\cplusdx.tlog\cl.write.1.tlog
c:\users\student\source\repos\cplusdx\debug\cplusdx.tlog\link.command.1.tlog
c:\users\student\source\repos\cplusdx\debug\cplusdx.tlog\link.read.1.tlog
c:\users\student\source\repos\cplusdx\debug\cplusdx.tlog\link.write.1.tlog
