  background.cpp
  bullet.cpp
  camera.cpp
  effect.cpp
  enemy.cpp
  explosion.cpp
  input.cpp
  light.cpp
  main.cpp
  manager.cpp
  number.cpp
  object.cpp
  object2D.cpp
  object3D.cpp
  player.cpp
  renderer.cpp
  score.cpp
  sound.cpp
  timer.cpp
  コード生成しています。
  Compiler switch has changed, fall back to full compilation.
  All 194 functions were compiled because no usable IPDB/IOBJ from previous compilation was found.
  コード生成が終了しました。
  CplusDX.vcxproj -> C:\Users\student\source\repos\CplusDX\CplusDX.exe
