  background.cpp
  bullet.cpp
  camera.cpp
  enemy.cpp
  explosion.cpp
  input.cpp
  light.cpp
  main.cpp
  manager.cpp
  number.cpp
  object.cpp
  object2D.cpp
  object3D.cpp
  objectBillboard.cpp
  objectX.cpp
  player.cpp
  renderer.cpp
  score.cpp
  sound.cpp
  timer.cpp
  コード生成しています。
  8 of 213 functions ( 3.8%) were compiled, the rest were copied from previous compilation.
    1 functions were new in current compilation
    1 functions had inline decision re-evaluated but remain unchanged
  コード生成が終了しました。
  CplusDX.vcxproj -> C:\Users\student\source\repos\CplusDX\CplusDX.exe
