  background.cpp
  bullet.cpp
  camera.cpp
  enemy.cpp
  explosion.cpp
  light.cpp
  main.cpp
  manager.cpp
  number.cpp
  object.cpp
  object2D.cpp
  object3D.cpp
  player.cpp
  score.cpp
  timer.cpp
  コード生成しています。
  11 of 199 functions ( 5.5%) were compiled, the rest were copied from previous compilation.
    1 functions were new in current compilation
    6 functions had inline decision re-evaluated but remain unchanged
  コード生成が終了しました。
  CplusDX.vcxproj -> C:\Users\student\source\repos\CplusDX\CplusDX.exe
