c:\users\student\source\repos\cplusdx\release\vc142.pdb
c:\users\student\source\repos\cplusdx\release\sound.obj
c:\users\student\source\repos\cplusdx\release\score.obj
c:\users\student\source\repos\cplusdx\release\renderer.obj
c:\users\student\source\repos\cplusdx\release\player.obj
c:\users\student\source\repos\cplusdx\release\object2d.obj
c:\users\student\source\repos\cplusdx\release\object.obj
c:\users\student\source\repos\cplusdx\release\number.obj
c:\users\student\source\repos\cplusdx\release\manager.obj
c:\users\student\source\repos\cplusdx\release\main.obj
c:\users\student\source\repos\cplusdx\release\input.obj
c:\users\student\source\repos\cplusdx\release\explosion.obj
c:\users\student\source\repos\cplusdx\release\enemy.obj
c:\users\student\source\repos\cplusdx\release\effect.obj
c:\users\student\source\repos\cplusdx\release\debugproc.obj
c:\users\student\source\repos\cplusdx\release\bullet.obj
c:\users\student\source\repos\cplusdx\release\background.obj
c:\users\student\source\repos\cplusdx\cplusdx.exe
c:\users\student\source\repos\cplusdx\release\cplusdx.ipdb
c:\users\student\source\repos\cplusdx\release\cplusdx.iobj
c:\users\student\source\repos\cplusdx\cplusdx.pdb
c:\users\student\source\repos\cplusdx\release\cplusdx.tlog\cl.command.1.tlog
c:\users\student\source\repos\cplusdx\release\cplusdx.tlog\cl.read.1.tlog
c:\users\student\source\repos\cplusdx\release\cplusdx.tlog\cl.write.1.tlog
c:\users\student\source\repos\cplusdx\release\cplusdx.tlog\link.command.1.tlog
c:\users\student\source\repos\cplusdx\release\cplusdx.tlog\link.read.1.tlog
c:\users\student\source\repos\cplusdx\release\cplusdx.tlog\link.write.1.tlog
